[03-Sep-2020 00:30:51 UTC] PHP Fatal error:  Uncaught Error: Call to undefined function printNames() in /Users/ramon/Local Sites/fictional-university/app/public/wp-content/themes/fictional-university-theme/index.php:21
Stack trace:
#0 /Users/ramon/Local Sites/fictional-university/app/public/wp-includes/template-loader.php(106): include()
#1 /Users/ramon/Local Sites/fictional-university/app/public/wp-blog-header.php(19): require_once('/Users/ramon/Lo...')
#2 /Users/ramon/Local Sites/fictional-university/app/public/index.php(17): require('/Users/ramon/Lo...')
#3 {main}
  thrown in /Users/ramon/Local Sites/fictional-university/app/public/wp-content/themes/fictional-university-theme/index.php on line 21
[03-Sep-2020 02:05:34 UTC] PHP Parse error:  syntax error, unexpected 'wp_enqueue_style' (T_STRING) in /Users/ramon/Local Sites/fictional-university/app/public/wp-content/themes/fictional-university-theme/functions.php on line 5
[04-Sep-2020 23:44:56 UTC] PHP Fatal error:  Uncaught ArgumentCountError: Too few arguments to function wp_get_post_parent_id(), 0 passed in /Users/ramon/Local Sites/fictional-university/app/public/wp-content/themes/fictional-university-theme/page.php on line 22 and exactly 1 expected in /Users/ramon/Local Sites/fictional-university/app/public/wp-includes/post.php:7069
Stack trace:
#0 /Users/ramon/Local Sites/fictional-university/app/public/wp-content/themes/fictional-university-theme/page.php(22): wp_get_post_parent_id()
#1 /Users/ramon/Local Sites/fictional-university/app/public/wp-includes/template-loader.php(106): include('/Users/ramon/Lo...')
#2 /Users/ramon/Local Sites/fictional-university/app/public/wp-blog-header.php(19): require_once('/Users/ramon/Lo...')
#3 /Users/ramon/Local Sites/fictional-university/app/public/index.php(17): require('/Users/ramon/Lo...')
#4 {main}
  thrown in /Users/ramon/Local Sites/fictional-university/app/public/wp-includes/post.php on line 7069
[04-Sep-2020 23:45:06 UTC] PHP Fatal error:  Uncaught ArgumentCountError: Too few arguments to function wp_get_post_parent_id(), 0 passed in /Users/ramon/Local Sites/fictional-university/app/public/wp-content/themes/fictional-university-theme/page.php on line 22 and exactly 1 expected in /Users/ramon/Local Sites/fictional-university/app/public/wp-includes/post.php:7069
Stack trace:
#0 /Users/ramon/Local Sites/fictional-university/app/public/wp-content/themes/fictional-university-theme/page.php(22): wp_get_post_parent_id()
#1 /Users/ramon/Local Sites/fictional-university/app/public/wp-includes/template-loader.php(106): include('/Users/ramon/Lo...')
#2 /Users/ramon/Local Sites/fictional-university/app/public/wp-blog-header.php(19): require_once('/Users/ramon/Lo...')
#3 /Users/ramon/Local Sites/fictional-university/app/public/index.php(17): require('/Users/ramon/Lo...')
#4 {main}
  thrown in /Users/ramon/Local Sites/fictional-university/app/public/wp-includes/post.php on line 7069
[05-Sep-2020 02:09:31 UTC] PHP Parse error:  syntax error, unexpected '}', expecting end of file in /Users/ramon/Local Sites/fictional-university/app/public/wp-content/themes/fictional-university-theme/page.php on line 74
[07-Sep-2020 03:36:38 UTC] PHP Parse error:  syntax error, unexpected 'get_header' (T_STRING) in /Users/ramon/Local Sites/fictional-university/app/public/wp-content/themes/fictional-university-theme/archive.php on line 5
[07-Sep-2020 03:36:43 UTC] PHP Parse error:  syntax error, unexpected 'get_header' (T_STRING) in /Users/ramon/Local Sites/fictional-university/app/public/wp-content/themes/fictional-university-theme/archive.php on line 5
[08-Sep-2020 05:19:26 UTC] PHP Parse error:  syntax error, unexpected '}' in /Users/ramon/Local Sites/fictional-university/app/public/wp-content/themes/fictional-university-theme/functions.php on line 34
[08-Sep-2020 05:19:34 UTC] PHP Parse error:  syntax error, unexpected '}' in /Users/ramon/Local Sites/fictional-university/app/public/wp-content/themes/fictional-university-theme/functions.php on line 34
[08-Sep-2020 05:22:30 UTC] PHP Parse error:  syntax error, unexpected ']' in /Users/ramon/Local Sites/fictional-university/app/public/wp-content/themes/fictional-university-theme/functions.php on line 38
[09-Sep-2020 04:24:05 UTC] PHP Parse error:  syntax error, unexpected '}' in /Users/ramon/Local Sites/fictional-university/app/public/wp-content/themes/fictional-university-theme/front-page.php on line 29
[09-Sep-2020 06:54:57 UTC] PHP Fatal error:  Uncaught Error: Object of class DateTime could not be converted to string in /Users/ramon/Local Sites/fictional-university/app/public/wp-content/themes/fictional-university-theme/front-page.php:33
Stack trace:
#0 /Users/ramon/Local Sites/fictional-university/app/public/wp-includes/template-loader.php(106): include()
#1 /Users/ramon/Local Sites/fictional-university/app/public/wp-blog-header.php(19): require_once('/Users/ramon/Lo...')
#2 /Users/ramon/Local Sites/fictional-university/app/public/index.php(17): require('/Users/ramon/Lo...')
#3 {main}
  thrown in /Users/ramon/Local Sites/fictional-university/app/public/wp-content/themes/fictional-university-theme/front-page.php on line 33
[09-Sep-2020 20:41:58 UTC] PHP Parse error:  syntax error, unexpected '}' in /Users/ramon/Local Sites/fictional-university/app/public/wp-content/themes/fictional-university-theme/functions.php on line 32
[09-Sep-2020 20:42:01 UTC] PHP Parse error:  syntax error, unexpected '}' in /Users/ramon/Local Sites/fictional-university/app/public/wp-content/themes/fictional-university-theme/functions.php on line 32
